#
# There is insufficient memory for the Java Runtime Environment to continue.
# Native memory allocation (malloc) failed to allocate 1048576 bytes for AllocateHeap
# Possible reasons:
#   The system is out of physical RAM or swap space
#   In 32 bit mode, the process size limit was hit
# Possible solutions:
#   Reduce memory load on the system
#   Increase physical memory or swap space
#   Check if swap backing store is full
#   Use 64 bit Java on a 64 bit OS
#   Decrease Java heap size (-Xmx/-Xms)
#   Decrease number of Java threads
#   Decrease Java thread stack sizes (-Xss)
#   Set larger code cache with -XX:ReservedCodeCacheSize=
# This output file may be truncated or incomplete.
#
#  Out of Memory Error (memory/allocation.inline.hpp:61), pid=21124, tid=0x000000000000396c
#
# JRE version:  (8.0_144-b01) (build )
# Java VM: Java HotSpot(TM) 64-Bit Server VM (25.144-b01 mixed mode windows-amd64 compressed oops)
# Failed to write core dump. Minidumps are not enabled by default on client versions of Windows
#

---------------  T H R E A D  ---------------

Current thread (0x00000000027b0800):  JavaThread "Unknown thread" [_thread_in_vm, id=14700, stack(0x0000000002630000,0x0000000002730000)]

Stack: [0x0000000002630000,0x0000000002730000]
[error occurred during error reporting (printing stack bounds), id 0xc0000005]

Native frames: (J=compiled Java code, j=interpreted, Vv=VM code, C=native code)


---------------  P R O C E S S  ---------------

Java Threads: ( => current thread )

Other Threads:

=>0x00000000027b0800 (exited) JavaThread "Unknown thread" [_thread_in_vm, id=14700, stack(0x0000000002630000,0x0000000002730000)]

VM state:not at safepoint (normal execution)

VM Mutex/Monitor currently owned by a thread: None

Heap:
 PSYoungGen      total 38400K, used 665K [0x00000000d5f00000, 0x00000000d8980000, 0x0000000100000000)
  eden space 33280K, 2% used [0x00000000d5f00000,0x00000000d5fa6670,0x00000000d7f80000)
  from space 5120K, 0% used [0x00000000d8480000,0x00000000d8480000,0x00000000d8980000)
  to   space 5120K, 0% used [0x00000000d7f80000,0x00000000d7f80000,0x00000000d8480000)
 ParOldGen       total 87552K, used 0K [0x0000000081c00000, 0x0000000087180000, 0x00000000d5f00000)
  object space 87552K, 0% used [0x0000000081c00000,0x0000000081c00000,0x0000000087180000)
 Metaspace       used 752K, capacity 1092K, committed 1152K, reserved 1060864K
  class space    used 75K, capacity 384K, committed 384K, reserved 1048576K

Card table byte_map: [0x0000000011c70000,0x0000000012070000] byte_map_base: 0x0000000011862000

Marking Bits: (ParMarkBitMap*) 0x000000007212d850
 Begin Bits: [0x0000000012720000, 0x00000000146b0000)
 End Bits:   [0x00000000146b0000, 0x0000000016640000)

Polling page: 0x0000000000980000

CodeCache: size=245760Kb used=328Kb max_used=328Kb free=245431Kb
 bounds [0x00000000028b0000, 0x0000000002b20000, 0x00000000118b0000]
 total_blobs=58 nmethods=0 adapters=38
 compilation: enabled

Compilation events (0 events):
No events

GC Heap History (0 events):
No events

Deoptimization events (0 events):
No events

Internal exceptions (0 events):
No events

Events (10 events):
Event: 0.103 loading class java/lang/Short
Event: 0.103 loading class java/lang/Short done
Event: 0.103 loading class java/lang/Integer
Event: 0.103 loading class java/lang/Integer done
Event: 0.103 loading class java/lang/Long
Event: 0.104 loading class java/lang/Long done
Event: 0.105 loading class java/lang/NullPointerException
Event: 0.105 loading class java/lang/NullPointerException done
Event: 0.105 loading class java/lang/ArithmeticException
Event: 0.105 loading class java/lang/ArithmeticException done


Dynamic libraries:
0x00007ff626c20000 - 0x00007ff626c57000 	C:\Program Files\Java\jre1.8.0_144\bin\javaw.exe
0x00007ffc58f30000 - 0x00007ffc5910b000 	C:\WINDOWS\SYSTEM32\ntdll.dll
0x00007ffc582e0000 - 0x00007ffc5838e000 	C:\WINDOWS\System32\KERNEL32.DLL
0x00007ffc561d0000 - 0x00007ffc56419000 	C:\WINDOWS\System32\KERNELBASE.dll
0x00007ffc56490000 - 0x00007ffc56531000 	C:\WINDOWS\System32\ADVAPI32.dll
0x00007ffc56800000 - 0x00007ffc5689d000 	C:\WINDOWS\System32\msvcrt.dll
0x00007ffc580a0000 - 0x00007ffc580f9000 	C:\WINDOWS\System32\sechost.dll
0x00007ffc584b0000 - 0x00007ffc585d5000 	C:\WINDOWS\System32\RPCRT4.dll
0x00007ffc56540000 - 0x00007ffc5668a000 	C:\WINDOWS\System32\USER32.dll
0x00007ffc55cb0000 - 0x00007ffc55cce000 	C:\WINDOWS\System32\win32u.dll
0x00007ffc56770000 - 0x00007ffc56797000 	C:\WINDOWS\System32\GDI32.dll
0x00007ffc55d70000 - 0x00007ffc55ef7000 	C:\WINDOWS\System32\gdi32full.dll
0x00007ffc55cd0000 - 0x00007ffc55d6a000 	C:\WINDOWS\System32\msvcp_win.dll
0x00007ffc55f00000 - 0x00007ffc55ff6000 	C:\WINDOWS\System32\ucrtbase.dll
0x00007ffc4e060000 - 0x00007ffc4e2c7000 	C:\WINDOWS\WinSxS\amd64_microsoft.windows.common-controls_6595b64144ccf1df_6.0.15063.483_none_26002d27e7c744a2\COMCTL32.dll
0x00007ffc58c30000 - 0x00007ffc58f29000 	C:\WINDOWS\System32\combase.dll
0x00007ffc56420000 - 0x00007ffc5648a000 	C:\WINDOWS\System32\bcryptPrimitives.dll
0x00007ffc568a0000 - 0x00007ffc568cd000 	C:\WINDOWS\System32\IMM32.DLL
0x00000000715a0000 - 0x0000000071672000 	C:\Program Files\Java\jre1.8.0_144\bin\msvcr100.dll
0x0000000071910000 - 0x00000000721ad000 	C:\Program Files\Java\jre1.8.0_144\bin\server\jvm.dll
0x00007ffc585e0000 - 0x00007ffc585e8000 	C:\WINDOWS\System32\PSAPI.DLL
0x00007ffc4cc00000 - 0x00007ffc4cc09000 	C:\WINDOWS\SYSTEM32\WSOCK32.dll
0x00007ffc4f0e0000 - 0x00007ffc4f103000 	C:\WINDOWS\SYSTEM32\WINMM.dll
0x00007ffc58270000 - 0x00007ffc582dc000 	C:\WINDOWS\System32\WS2_32.dll
0x00007ffc4d530000 - 0x00007ffc4d53a000 	C:\WINDOWS\SYSTEM32\VERSION.dll
0x00007ffc4ed40000 - 0x00007ffc4ed6b000 	C:\WINDOWS\SYSTEM32\WINMMBASE.dll
0x00007ffc55c60000 - 0x00007ffc55ca9000 	C:\WINDOWS\System32\cfgmgr32.dll
0x00000000739c0000 - 0x00000000739cf000 	C:\Program Files\Java\jre1.8.0_144\bin\verify.dll
0x00000000723d0000 - 0x00000000723f9000 	C:\Program Files\Java\jre1.8.0_144\bin\java.dll
0x0000000072c00000 - 0x0000000072c16000 	C:\Program Files\Java\jre1.8.0_144\bin\zip.dll

VM Arguments:
jvm_args: -Dfile.encoding=Cp1254 
java_command: MainScreen
java_class_path (initial): C:\Users\hp\eclipse-workspace\Deneme\bin
Launcher Type: SUN_STANDARD

Environment Variables:
PATH=C:/Program Files/Java/jre1.8.0_144/bin/server;C:/Program Files/Java/jre1.8.0_144/bin;C:/Program Files/Java/jre1.8.0_144/lib/amd64;C:\ProgramData\Oracle\Java\javapath;C:\Program Files (x86)\Intel\iCLS Client\;C:\Program Files\Intel\iCLS Client\;C:\windows\system32;C:\windows;C:\windows\System32\Wbem;C:\windows\System32\WindowsPowerShell\v1.0\;C:\Program Files (x86)\NVIDIA Corporation\PhysX\Common;C:\Program Files (x86)\Intel\Intel(R) Management Engine Components\DAL;C:\Program Files\Intel\Intel(R) Management Engine Components\DAL;C:\Program Files (x86)\Intel\Intel(R) Management Engine Components\IPT;C:\Program Files\Intel\Intel(R) Management Engine Components\IPT;C:\WINDOWS\system32;C:\WINDOWS;C:\WINDOWS\System32\Wbem;C:\WINDOWS\System32\WindowsPowerShell\v1.0\;C:\Program Files\dotnet\;C:\Program Files\Microsoft SQL Server\130\Tools\Binn\;C:\Program Files\Git\cmd;C:\Program Files (x86)\Brackets\command;C:\Users\hp\AppData\Local\Programs\Python\Python35\Scripts\;C:\Users\hp\AppData\Local\Programs\Python\Python35\;C:\Users\hp\Anaconda3;C:\Users\hp\Anaconda3\Library\mingw-w64\bin;C:\Users\hp\Anaconda3\Library\usr\bin;C:\Users\hp\Anaconda3\Library\bin;C:\Users\hp\Anaconda3\Scripts;C:\Ruby24-x64\bin;C:\Program Files\Java\jdk1.8.0_144\bin;C:\Users\hp\AppData\Local\Microsoft\WindowsApps;C:\Users\hp\AppData\Local\atom\bin;C:\AppServ\Apache24\bin;C:\AppServ\php5;C:\AppServ\MySQL\bin;C:\Users\hp\Desktop\Berk\eclipse;
USERNAME=hp
OS=Windows_NT
PROCESSOR_IDENTIFIER=Intel64 Family 6 Model 142 Stepping 9, GenuineIntel



---------------  S Y S T E M  ---------------

OS: Windows 10.0 , 64 bit Build 15063 (10.0.15063.296)

CPU:total 4 (initial active 4) (2 cores per cpu, 2 threads per core) family 6 model 142 stepping 9, cmov, cx8, fxsr, mmx, sse, sse2, sse3, ssse3, sse4.1, sse4.2, popcnt, avx, avx2, aes, clmul, erms, 3dnowpref, lzcnt, ht, tsc, tscinvbit, bmi1, bmi2, adx

Memory: 4k page, physical 8270980k(2657232k free), swap 33436804k(6096k free)

vm_info: Java HotSpot(TM) 64-Bit Server VM (25.144-b01) for windows-amd64 JRE (1.8.0_144-b01), built on Jul 21 2017 21:57:33 by "java_re" with MS VC++ 10.0 (VS2010)

time: Wed Dec 06 22:57:40 2017
elapsed time: 0 seconds (0d 0h 0m 0s)

